2023-07-24 19:07:786 INFO  StartPage :22 - Clicking on start button : [[ChromeDriver: chrome on windows (01e977d8da36ba0ea77be6fc26a0f061)] -> xpath: //a[@class='gem-c-button govuk-button govuk-button--start']]
2023-07-24 19:07:947 INFO  SelectNationalityPage :25 - Select nationalityAustraliafrom dropdown [[ChromeDriver: chrome on windows (01e977d8da36ba0ea77be6fc26a0f061)] -> xpath: //select[@id='response']]
2023-07-24 19:07:59 INFO  SelectNationalityPage :29 - Clicking on next step button : [[ChromeDriver: chrome on windows (01e977d8da36ba0ea77be6fc26a0f061)] -> xpath: //button[contains(text(),'Continue')]]
2023-07-24 19:07:160 INFO  ReasonForTravelPage :36 - Choose reason for visit is Tourism and family : [[ChromeDriver: chrome on windows (01e977d8da36ba0ea77be6fc26a0f061)] -> xpath: //input[@id='response-0']]
2023-07-24 19:07:334 INFO  SelectNationalityPage :29 - Clicking on next step button : [[ChromeDriver: chrome on windows (01e977d8da36ba0ea77be6fc26a0f061)] -> xpath: //button[contains(text(),'Continue')]]
2023-07-24 19:07:419 INFO  ResultPage :26 - Getting result from : You will not need a visa to come to the UK
2023-07-24 20:07:189 INFO  StartPage :22 - Clicking on start button : [[ChromeDriver: chrome on windows (866f8b1d72c193df002396d2c408f977)] -> xpath: //a[@class='gem-c-button govuk-button govuk-button--start']]
2023-07-24 20:07:380 INFO  SelectNationalityPage :25 - Select nationalityAustraliafrom dropdown [[ChromeDriver: chrome on windows (866f8b1d72c193df002396d2c408f977)] -> xpath: //select[@id='response']]
2023-07-24 20:07:617 INFO  SelectNationalityPage :29 - Clicking on next step button : [[ChromeDriver: chrome on windows (866f8b1d72c193df002396d2c408f977)] -> xpath: //button[contains(text(),'Continue')]]
2023-07-24 20:07:700 INFO  ReasonForTravelPage :36 - Choose reason for visit is Tourism and family : [[ChromeDriver: chrome on windows (866f8b1d72c193df002396d2c408f977)] -> xpath: //input[@id='response-0']]
2023-07-24 20:07:935 INFO  SelectNationalityPage :29 - Clicking on next step button : [[ChromeDriver: chrome on windows (866f8b1d72c193df002396d2c408f977)] -> xpath: //button[contains(text(),'Continue')]]
2023-07-24 20:07:975 INFO  ResultPage :29 - Getting result from : You will not need a visa to come to the UK
2023-07-24 20:07:219 INFO  StartPage :22 - Clicking on start button : [[ChromeDriver: chrome on windows (9cf848e62f2a7228763acf817605cb4c)] -> xpath: //a[@class='gem-c-button govuk-button govuk-button--start']]
2023-07-24 20:07:333 INFO  SelectNationalityPage :25 - Select nationalityChilefrom dropdown [[ChromeDriver: chrome on windows (9cf848e62f2a7228763acf817605cb4c)] -> xpath: //select[@id='response']]
2023-07-24 20:07:544 INFO  SelectNationalityPage :29 - Clicking on next step button : [[ChromeDriver: chrome on windows (9cf848e62f2a7228763acf817605cb4c)] -> xpath: //button[contains(text(),'Continue')]]
2023-07-24 20:07:623 INFO  ReasonForTravelPage :41 - Choose reason for visit is Academic : [[ChromeDriver: chrome on windows (9cf848e62f2a7228763acf817605cb4c)] -> xpath: //input[@id='response-1']]
2023-07-24 20:07:822 INFO  ReasonForTravelPage :51 - Clicking on next step button : [[ChromeDriver: chrome on windows (9cf848e62f2a7228763acf817605cb4c)] -> xpath: //button[contains(text(),'Continue')]]
2023-07-24 20:07:891 INFO  DurationOfStayPage :41 - Select length of staymore[[ChromeDriver: chrome on windows (9cf848e62f2a7228763acf817605cb4c)] -> xpath: //input[@id='response-1']]
2023-07-24 20:07:43 INFO  DurationOfStayPage :46 - Clicking on nextStepButton link : [[ChromeDriver: chrome on windows (9cf848e62f2a7228763acf817605cb4c)] -> xpath: //button[contains(text(),'Continue')]]
2023-07-24 20:07:155 INFO  WorkTypePage :23 - Select health and care provision : [[ChromeDriver: chrome on windows (9cf848e62f2a7228763acf817605cb4c)] -> xpath: //input[@id='response-0']]
2023-07-24 20:07:415 INFO  WorkTypePage :25 - Clicking on next step button : [[ChromeDriver: chrome on windows (9cf848e62f2a7228763acf817605cb4c)] -> xpath: //button[contains(text(),'Continue')]]
2023-07-24 20:07:454 INFO  ResultPage :36 - Getting result from : You need a visa to work in health and care
2023-07-24 20:07:681 INFO  StartPage :22 - Clicking on start button : [[ChromeDriver: chrome on windows (f1a04e2e25193ecc57431a46f955a080)] -> xpath: //a[@class='gem-c-button govuk-button govuk-button--start']]
2023-07-24 20:07:809 INFO  SelectNationalityPage :25 - Select nationalityChinafrom dropdown [[ChromeDriver: chrome on windows (f1a04e2e25193ecc57431a46f955a080)] -> xpath: //select[@id='response']]
2023-07-24 20:07:17 INFO  SelectNationalityPage :29 - Clicking on next step button : [[ChromeDriver: chrome on windows (f1a04e2e25193ecc57431a46f955a080)] -> xpath: //button[contains(text(),'Continue')]]
2023-07-24 20:07:127 INFO  ReasonForTravelPage :46 - Choose reason for visit is join partner and family : [[ChromeDriver: chrome on windows (f1a04e2e25193ecc57431a46f955a080)] -> xpath: //input[@id='response-4']]
2023-07-24 20:07:289 INFO  ReasonForTravelPage :51 - Clicking on next step button : [[ChromeDriver: chrome on windows (f1a04e2e25193ecc57431a46f955a080)] -> xpath: //button[contains(text(),'Continue')]]
2023-07-24 20:07:384 INFO  FamilyImmigrationStatusPage :40 - Select Immigration statusyesclick on checkBox[[ChromeDriver: chrome on windows (f1a04e2e25193ecc57431a46f955a080)] -> xpath: //input[@id='response-0']]
2023-07-24 20:07:565 INFO  FamilyImmigrationStatusPage :28 - Clicking on next step button : [[ChromeDriver: chrome on windows (f1a04e2e25193ecc57431a46f955a080)] -> xpath: //button[contains(text(),'Continue')]]
2023-07-24 20:07:641 INFO  ResultPage :45 - Getting result from : You’ll need a visa to join your family or partner in the UK
2023-07-24 20:07:973 INFO  StartPage :22 - Clicking on start button : [[ChromeDriver: chrome on windows (66cddd654d4c4e3899ee07eaa4276ba1)] -> xpath: //a[@class='gem-c-button govuk-button govuk-button--start']]
2023-07-24 20:07:99 INFO  SelectNationalityPage :25 - Select nationalityAustraliafrom dropdown [[ChromeDriver: chrome on windows (66cddd654d4c4e3899ee07eaa4276ba1)] -> xpath: //select[@id='response']]
2023-07-24 20:07:267 INFO  SelectNationalityPage :29 - Clicking on next step button : [[ChromeDriver: chrome on windows (66cddd654d4c4e3899ee07eaa4276ba1)] -> xpath: //button[contains(text(),'Continue')]]
2023-07-24 20:07:385 INFO  ReasonForTravelPage :36 - Choose reason for visit is Tourism and family : [[ChromeDriver: chrome on windows (66cddd654d4c4e3899ee07eaa4276ba1)] -> xpath: //input[@id='response-0']]
2023-07-24 20:07:579 INFO  SelectNationalityPage :29 - Clicking on next step button : [[ChromeDriver: chrome on windows (66cddd654d4c4e3899ee07eaa4276ba1)] -> xpath: //button[contains(text(),'Continue')]]
2023-07-24 20:07:665 INFO  ResultPage :29 - Getting result from : You will not need a visa to come to the UK
